0 info it worked if it ends with ok
1 verbose cli [ '/usr/local/Cellar/node/6.8.0/bin/node',
1 verbose cli   '/usr/local/bin/npm',
1 verbose cli   'run',
1 verbose cli   'develop' ]
2 info using npm@3.10.8
3 info using node@v6.8.0
4 verbose run-script [ 'predevelop', 'develop', 'postdevelop' ]
5 info lifecycle silly@0.6.6~predevelop: silly@0.6.6
6 silly lifecycle silly@0.6.6~predevelop: no script for predevelop, continuing
7 info lifecycle silly@0.6.6~develop: silly@0.6.6
8 verbose lifecycle silly@0.6.6~develop: unsafe-perm in lifecycle true
9 verbose lifecycle silly@0.6.6~develop: PATH: /usr/local/lib/node_modules/npm/bin/node-gyp-bin:/Users/tknuutin/sites/silly/node_modules/.bin:/usr/local/Cellar/node/6.8.0/bin:/usr/local/bin:/usr/bin:/bin:/usr/sbin:/sbin
10 verbose lifecycle silly@0.6.6~develop: CWD: /Users/tknuutin/sites/silly
11 silly lifecycle silly@0.6.6~develop: Args: [ '-c', 'node scripts/develop.js' ]
12 silly lifecycle silly@0.6.6~develop: Returned: code: 1  signal: null
13 info lifecycle silly@0.6.6~develop: Failed to exec develop script
14 verbose stack Error: silly@0.6.6 develop: `node scripts/develop.js`
14 verbose stack Exit status 1
14 verbose stack     at EventEmitter.<anonymous> (/usr/local/lib/node_modules/npm/lib/utils/lifecycle.js:255:16)
14 verbose stack     at emitTwo (events.js:106:13)
14 verbose stack     at EventEmitter.emit (events.js:191:7)
14 verbose stack     at ChildProcess.<anonymous> (/usr/local/lib/node_modules/npm/lib/utils/spawn.js:40:14)
14 verbose stack     at emitTwo (events.js:106:13)
14 verbose stack     at ChildProcess.emit (events.js:191:7)
14 verbose stack     at maybeClose (internal/child_process.js:877:16)
14 verbose stack     at Process.ChildProcess._handle.onexit (internal/child_process.js:226:5)
15 verbose pkgid silly@0.6.6
16 verbose cwd /Users/tknuutin/sites/silly
17 error Darwin 15.3.0
18 error argv "/usr/local/Cellar/node/6.8.0/bin/node" "/usr/local/bin/npm" "run" "develop"
19 error node v6.8.0
20 error npm  v3.10.8
21 error code ELIFECYCLE
22 error silly@0.6.6 develop: `node scripts/develop.js`
22 error Exit status 1
23 error Failed at the silly@0.6.6 develop script 'node scripts/develop.js'.
23 error Make sure you have the latest version of node.js and npm installed.
23 error If you do, this is most likely a problem with the silly package,
23 error not with npm itself.
23 error Tell the author that this fails on your system:
23 error     node scripts/develop.js
23 error You can get information on how to open an issue for this project with:
23 error     npm bugs silly
23 error Or if that isn't available, you can get their info via:
23 error     npm owner ls silly
23 error There is likely additional logging output above.
24 verbose exit [ 1, true ]
